<?xml version="1.0" encoding="UTF-8"?>
<testsuite name="AnimalTest" tests="2" skipped="0" failures="0" errors="0" timestamp="2021-08-05T13:55:27" hostname="ip-192-168-18-6.ap-southeast-1.compute.internal" time="0.005">
  <properties/>
  <testcase name="testBirdSing" classname="AnimalTest" time="0.005"/>
  <testcase name="testBirdWalk" classname="AnimalTest" time="0.0"/>
  <system-out><![CDATA[I am singing
I am walking
]]></system-out>
  <system-err><![CDATA[]]></system-err>
</testsuite>
